<?xml version="1.0" encoding="UTF-8"?>
<!-- Generated by org.testng.reporters.JUnitXMLReporter -->
<testsuite hostname="PTMTVM15" failures="2" tests="6" name="OrangeHRMLogin" time="124.247" errors="0" timestamp="13 May 2024 04:04:30 GMT">
  <testcase classname="sampleTestNG.TestSuit.PIMmodulePositiveTestCase" name="AddNewEmployee" time="10.44"/>
  <testcase classname="sampleTestNG.TestSuit.PIMmoduleNegativeTestCase" name="AddNewEmployeeWithInvalidData" time="10.861"/>
  <testcase classname="sampleTestNG.TestSuit.PIMmoduleNegativeTestCase" name="AddNewEmployeeWithInvalidData" time="10.863"/>
  <testcase classname="sampleTestNG.TestSuit.PIMmoduleNegativeTestCase" name="AddNewEmployeeWithInvalidData" time="10.785"/>
  <testcase classname="sampleTestNG.TestSuit.PIMmodulePositiveTestCase" name="EmployeeInfoSearch" time="26.878">
    <failure type="GlobalexceptionHandler.NoSuchElementException" message="Element not found...Option &amp;apos;Automaton Tester&amp;apos; not found in the dropdown list">
      <![CDATA[GlobalexceptionHandler.NoSuchElementException: Element not found...Option 'Automaton Tester' not found in the dropdown list
	at sampleTestNG.TestSuit.PIMmodulePositiveTestCase.EmployeeInfoSearch(PIMmodulePositiveTestCase.java:210)
... Removed 24 stack frames]]>
    </failure>
  </testcase> <!-- EmployeeInfoSearch -->
  <testcase classname="sampleTestNG.TestSuit.PIMmodulePositiveTestCase" name="EmployeeListTableDataStoring" time="6.354">
    <failure type="org.openqa.selenium.StaleElementReferenceException" message="stale element reference: stale element not found
  (Session info: chrome=124.0.6367.119)
For documentation on this error, please visit: https://www.selenium.dev/documentation/webdriver/troubleshooting/errors#stale-element-reference-exception
Build info: version: &amp;apos;4.19.1&amp;apos;, revision: &amp;apos;abe0ee07dc&amp;apos;
System info: os.name: &amp;apos;Windows 10&amp;apos;, os.arch: &amp;apos;amd64&amp;apos;, os.version: &amp;apos;10.0&amp;apos;, java.version: &amp;apos;17.0.9&amp;apos;
Driver info: org.openqa.selenium.chrome.ChromeDriver
Command: [a5f20531b76360522104fe2cdf6e2a59, findChildElements {using=xpath, id=f.ECBCDFA8FBCEBCE1859FDFF55C94837B.d.05B576EEE695998C3A7DBB380B2AD797.e.309, value=./div/child::div}]
Capabilities {acceptInsecureCerts: false, browserName: chrome, browserVersion: 124.0.6367.119, chrome: {chromedriverVersion: 124.0.6367.201 (46cf136d27d..., userDataDir: C:\Users\Palnar\AppData\Loc...}, fedcm:accounts: true, goog:chromeOptions: {debuggerAddress: localhost:53297}, networkConnectionEnabled: false, pageLoadStrategy: normal, platformName: windows, proxy: Proxy(), se:cdp: ws://localhost:53297/devtoo..., se:cdpVersion: 124.0.6367.119, setWindowRect: true, strictFileInteractability: false, timeouts: {implicit: 0, pageLoad: 300000, script: 30000}, unhandledPromptBehavior: dismiss and notify, webauthn:extension:credBlob: true, webauthn:extension:largeBlob: true, webauthn:extension:minPinLength: true, webauthn:extension:prf: true, webauthn:virtualAuthenticators: true}
Session ID: a5f20531b76360522104fe2cdf6e2a59">
      <![CDATA[org.openqa.selenium.StaleElementReferenceException: stale element reference: stale element not found
  (Session info: chrome=124.0.6367.119)
For documentation on this error, please visit: https://www.selenium.dev/documentation/webdriver/troubleshooting/errors#stale-element-reference-exception
Build info: version: '4.19.1', revision: 'abe0ee07dc'
System info: os.name: 'Windows 10', os.arch: 'amd64', os.version: '10.0', java.version: '17.0.9'
Driver info: org.openqa.selenium.chrome.ChromeDriver
Command: [a5f20531b76360522104fe2cdf6e2a59, findChildElements {using=xpath, id=f.ECBCDFA8FBCEBCE1859FDFF55C94837B.d.05B576EEE695998C3A7DBB380B2AD797.e.309, value=./div/child::div}]
Capabilities {acceptInsecureCerts: false, browserName: chrome, browserVersion: 124.0.6367.119, chrome: {chromedriverVersion: 124.0.6367.201 (46cf136d27d..., userDataDir: C:\Users\Palnar\AppData\Loc...}, fedcm:accounts: true, goog:chromeOptions: {debuggerAddress: localhost:53297}, networkConnectionEnabled: false, pageLoadStrategy: normal, platformName: windows, proxy: Proxy(), se:cdp: ws://localhost:53297/devtoo..., se:cdpVersion: 124.0.6367.119, setWindowRect: true, strictFileInteractability: false, timeouts: {implicit: 0, pageLoad: 300000, script: 30000}, unhandledPromptBehavior: dismiss and notify, webauthn:extension:credBlob: true, webauthn:extension:largeBlob: true, webauthn:extension:minPinLength: true, webauthn:extension:prf: true, webauthn:virtualAuthenticators: true}
Session ID: a5f20531b76360522104fe2cdf6e2a59
	at org.openqa.selenium.remote.ErrorCodec.decode(ErrorCodec.java:167)
	at org.openqa.selenium.remote.codec.w3c.W3CHttpResponseCodec.decode(W3CHttpResponseCodec.java:138)
	at org.openqa.selenium.remote.codec.w3c.W3CHttpResponseCodec.decode(W3CHttpResponseCodec.java:50)
	at org.openqa.selenium.remote.HttpCommandExecutor.execute(HttpCommandExecutor.java:190)
	at org.openqa.selenium.remote.service.DriverCommandExecutor.invokeExecute(DriverCommandExecutor.java:216)
	at org.openqa.selenium.remote.service.DriverCommandExecutor.execute(DriverCommandExecutor.java:174)
	at org.openqa.selenium.remote.RemoteWebDriver.execute(RemoteWebDriver.java:518)
	at org.openqa.selenium.remote.ElementLocation$ElementFinder$2.findElements(ElementLocation.java:182)
	at org.openqa.selenium.remote.ElementLocation.findElements(ElementLocation.java:103)
	at org.openqa.selenium.remote.RemoteWebDriver.findElements(RemoteWebDriver.java:368)
	at org.openqa.selenium.remote.RemoteWebElement.findElements(RemoteWebElement.java:203)
	at sampleTestNG.TestSuit.PIMmodulePositiveTestCase.EmployeeListTableDataStoring(PIMmodulePositiveTestCase.java:245)
... Removed 29 stack frames]]>
    </failure>
  </testcase> <!-- EmployeeListTableDataStoring -->
</testsuite> <!-- OrangeHRMLogin -->
